
Showing Recent Errors Only

Build target PassPunk of project PassPunk with configuration Debug

SwiftCompile normal arm64 Compiling\ LaunchAgentManager.swift,\ MainWindow.swift /Users/ogourari/passpunk/PassPunk/PassPunk/Services/LaunchAgentManager.swift /Users/ogourari/passpunk/PassPunk/PassPunk/Views/MainWindow.swift (in target 'PassPunk' from project 'PassPunk')
    cd /Users/ogourari/passpunk/PassPunk
    builtin-swiftTaskExecution -- /Applications/Xcode.app/Contents/Developer/Toolchains/XcodeDefault.xctoolchain/usr/bin/swift-frontend -frontend -c /Users/ogourari/passpunk/PassPunk/PassPunk/App/AppDelegate.swift /Users/ogourari/passpunk/PassPunk/PassPunk/App/PassPunkApp.swift /Users/ogourari/passpunk/PassPunk/PassPunk/Managers/VPNManager.swift /Users/ogourari/passpunk/PassPunk/PassPunk/Menu/StatusBarMenu.swift /Users/ogourari/passpunk/PassPunk/PassPunk/Models/Settings.swift /Users/ogourari/passpunk/PassPunk/PassPunk/Models/VPNCredentials.swift /Users/ogourari/passpunk/PassPunk/PassPunk/Services/BrowserAutomation.swift /Users/ogourari/passpunk/PassPunk/PassPunk/Services/KeychainManager.swift -primary-file /Users/ogourari/passpunk/PassPunk/PassPunk/Services/LaunchAgentManager.swift -primary-file /Users/ogourari/passpunk/PassPunk/PassPunk/Views/MainWindow.swift /Users/ogourari/passpunk/PassPunk/PassPunk/Services/PasswordManager.swift /Users/ogourari/passpunk/PassPunk/PassPunk/Services/VPNService.swift /Users/ogourari/passpunk/PassPunk/PassPunk/Views/SettingsView.swift /Users/ogourari/Library/Developer/Xcode/DerivedData/PassPunk-bcxyumdkkvgjeifayudpnbbpchzz/Build/Intermediates.noindex/PassPunk.build/Debug/PassPunk.build/DerivedSources/GeneratedAssetSymbols.swift -emit-dependencies-path /Users/ogourari/Library/Developer/Xcode/DerivedData/PassPunk-bcxyumdkkvgjeifayudpnbbpchzz/Build/Intermediates.noindex/PassPunk.build/Debug/PassPunk.build/Objects-normal/arm64/LaunchAgentManager.d -emit-const-values-path /Users/ogourari/Library/Developer/Xcode/DerivedData/PassPunk-bcxyumdkkvgjeifayudpnbbpchzz/Build/Intermediates.noindex/PassPunk.build/Debug/PassPunk.build/Objects-normal/arm64/LaunchAgentManager.swiftconstvalues -emit-reference-dependencies-path /Users/ogourari/Library/Developer/Xcode/DerivedData/PassPunk-bcxyumdkkvgjeifayudpnbbpchzz/Build/Intermediates.noindex/PassPunk.build/Debug/PassPunk.build/Objects-normal/arm64/LaunchAgentManager.swiftdeps -serialize-diagnostics-path /Users/ogourari/Library/Developer/Xcode/DerivedData/PassPunk-bcxyumdkkvgjeifayudpnbbpchzz/Build/Intermediates.noindex/PassPunk.build/Debug/PassPunk.build/Objects-normal/arm64/LaunchAgentManager.dia -emit-dependencies-path /Users/ogourari/Library/Developer/Xcode/DerivedData/PassPunk-bcxyumdkkvgjeifayudpnbbpchzz/Build/Intermediates.noindex/PassPunk.build/Debug/PassPunk.build/Objects-normal/arm64/MainWindow.d -emit-const-values-path /Users/ogourari/Library/Developer/Xcode/DerivedData/PassPunk-bcxyumdkkvgjeifayudpnbbpchzz/Build/Intermediates.noindex/PassPunk.build/Debug/PassPunk.build/Objects-normal/arm64/MainWindow.swiftconstvalues -emit-reference-dependencies-path /Users/ogourari/Library/Developer/Xcode/DerivedData/PassPunk-bcxyumdkkvgjeifayudpnbbpchzz/Build/Intermediates.noindex/PassPunk.build/Debug/PassPunk.build/Objects-normal/arm64/MainWindow.swiftdeps -serialize-diagnostics-path /Users/ogourari/Library/Developer/Xcode/DerivedData/PassPunk-bcxyumdkkvgjeifayudpnbbpchzz/Build/Intermediates.noindex/PassPunk.build/Debug/PassPunk.build/Objects-normal/arm64/MainWindow.dia -emit-localized-strings -emit-localized-strings-path /Users/ogourari/Library/Developer/Xcode/DerivedData/PassPunk-bcxyumdkkvgjeifayudpnbbpchzz/Build/Intermediates.noindex/PassPunk.build/Debug/PassPunk.build/Objects-normal/arm64 -target arm64-apple-macos15.2 -Xllvm -aarch64-use-tbi -enable-objc-interop -stack-check -sdk /Applications/Xcode.app/Contents/Developer/Platforms/MacOSX.platform/Developer/SDKs/MacOSX15.2.sdk -I /Users/ogourari/Library/Developer/Xcode/DerivedData/PassPunk-bcxyumdkkvgjeifayudpnbbpchzz/Build/Products/Debug -F /Users/ogourari/Library/Developer/Xcode/DerivedData/PassPunk-bcxyumdkkvgjeifayudpnbbpchzz/Build/Products/Debug -no-color-diagnostics -enable-testing -g -debug-info-format\=dwarf -dwarf-version\=5 -module-cache-path /Users/ogourari/Library/Developer/Xcode/DerivedData/ModuleCache.noindex -profile-generate -profile-coverage-mapping -swift-version 5 -enforce-exclusivity\=checked -Onone -D DEBUG -serialize-debugging-options -const-gather-protocols-file /Users/ogourari/Library/Developer/Xcode/DerivedData/PassPunk-bcxyumdkkvgjeifayudpnbbpchzz/Build/Intermediates.noindex/PassPunk.build/Debug/PassPunk.build/Objects-normal/arm64/PassPunk_const_extract_protocols.json -enable-experimental-feature DebugDescriptionMacro -enable-experimental-feature OpaqueTypeErasure -enable-bare-slash-regex -empty-abi-descriptor -validate-clang-modules-once -clang-build-session-file /Users/ogourari/Library/Developer/Xcode/DerivedData/ModuleCache.noindex/Session.modulevalidation -Xcc -working-directory -Xcc /Users/ogourari/passpunk/PassPunk -resource-dir /Applications/Xcode.app/Contents/Developer/Toolchains/XcodeDefault.xctoolchain/usr/lib/swift -enable-anonymous-context-mangled-names -file-compilation-dir /Users/ogourari/passpunk/PassPunk -Xcc -D_LIBCPP_HARDENING_MODE\=_LIBCPP_HARDENING_MODE_DEBUG -Xcc -ivfsstatcache -Xcc /Users/ogourari/Library/Developer/Xcode/DerivedData/SDKStatCaches.noindex/macosx15.2-24C94-1dd28740b163f220e3e9b9fd2a542f53.sdkstatcache -Xcc -I/Users/ogourari/Library/Developer/Xcode/DerivedData/PassPunk-bcxyumdkkvgjeifayudpnbbpchzz/Build/Intermediates.noindex/PassPunk.build/Debug/PassPunk.build/swift-overrides.hmap -Xcc -iquote -Xcc /Users/ogourari/Library/Developer/Xcode/DerivedData/PassPunk-bcxyumdkkvgjeifayudpnbbpchzz/Build/Intermediates.noindex/PassPunk.build/Debug/PassPunk.build/PassPunk-generated-files.hmap -Xcc -I/Users/ogourari/Library/Developer/Xcode/DerivedData/PassPunk-bcxyumdkkvgjeifayudpnbbpchzz/Build/Intermediates.noindex/PassPunk.build/Debug/PassPunk.build/PassPunk-own-target-headers.hmap -Xcc -I/Users/ogourari/Library/Developer/Xcode/DerivedData/PassPunk-bcxyumdkkvgjeifayudpnbbpchzz/Build/Intermediates.noindex/PassPunk.build/Debug/PassPunk.build/PassPunk-all-target-headers.hmap -Xcc -iquote -Xcc /Users/ogourari/Library/Developer/Xcode/DerivedData/PassPunk-bcxyumdkkvgjeifayudpnbbpchzz/Build/Intermediates.noindex/PassPunk.build/Debug/PassPunk.build/PassPunk-project-headers.hmap -Xcc -I/Users/ogourari/Library/Developer/Xcode/DerivedData/PassPunk-bcxyumdkkvgjeifayudpnbbpchzz/Build/Products/Debug/include -Xcc -I/Users/ogourari/Library/Developer/Xcode/DerivedData/PassPunk-bcxyumdkkvgjeifayudpnbbpchzz/Build/Intermediates.noindex/PassPunk.build/Debug/PassPunk.build/DerivedSources-normal/arm64 -Xcc -I/Users/ogourari/Library/Developer/Xcode/DerivedData/PassPunk-bcxyumdkkvgjeifayudpnbbpchzz/Build/Intermediates.noindex/PassPunk.build/Debug/PassPunk.build/DerivedSources/arm64 -Xcc -I/Users/ogourari/Library/Developer/Xcode/DerivedData/PassPunk-bcxyumdkkvgjeifayudpnbbpchzz/Build/Intermediates.noindex/PassPunk.build/Debug/PassPunk.build/DerivedSources -Xcc -DDEBUG\=1 -module-name PassPunk -frontend-parseable-output -disable-clang-spi -target-sdk-version 15.2 -target-sdk-name macosx15.2 -external-plugin-path /Applications/Xcode.app/Contents/Developer/Platforms/MacOSX.platform/Developer/usr/lib/swift/host/plugins\#/Applications/Xcode.app/Contents/Developer/Platforms/MacOSX.platform/Developer/usr/bin/swift-plugin-server -external-plugin-path /Applications/Xcode.app/Contents/Developer/Platforms/MacOSX.platform/Developer/usr/local/lib/swift/host/plugins\#/Applications/Xcode.app/Contents/Developer/Platforms/MacOSX.platform/Developer/usr/bin/swift-plugin-server -plugin-path /Applications/Xcode.app/Contents/Developer/Toolchains/XcodeDefault.xctoolchain/usr/lib/swift/host/plugins -plugin-path /Applications/Xcode.app/Contents/Developer/Toolchains/XcodeDefault.xctoolchain/usr/local/lib/swift/host/plugins -o /Users/ogourari/Library/Developer/Xcode/DerivedData/PassPunk-bcxyumdkkvgjeifayudpnbbpchzz/Build/Intermediates.noindex/PassPunk.build/Debug/PassPunk.build/Objects-normal/arm64/LaunchAgentManager.o -o /Users/ogourari/Library/Developer/Xcode/DerivedData/PassPunk-bcxyumdkkvgjeifayudpnbbpchzz/Build/Intermediates.noindex/PassPunk.build/Debug/PassPunk.build/Objects-normal/arm64/MainWindow.o -index-unit-output-path /PassPunk.build/Debug/PassPunk.build/Objects-normal/arm64/LaunchAgentManager.o -index-unit-output-path /PassPunk.build/Debug/PassPunk.build/Objects-normal/arm64/MainWindow.o -index-store-path /Users/ogourari/Library/Developer/Xcode/DerivedData/PassPunk-bcxyumdkkvgjeifayudpnbbpchzz/Index.noindex/DataStore -index-system-modules

SwiftCompile normal arm64 /Users/ogourari/passpunk/PassPunk/PassPunk/Views/MainWindow.swift (in target 'PassPunk' from project 'PassPunk')
    cd /Users/ogourari/passpunk/PassPunk
    /Applications/Xcode.app/Contents/Developer/Toolchains/XcodeDefault.xctoolchain/usr/bin/swift-frontend -c /Users/ogourari/passpunk/PassPunk/PassPunk/App/AppDelegate.swift /Users/ogourari/passpunk/PassPunk/PassPunk/App/PassPunkApp.swift /Users/ogourari/passpunk/PassPunk/PassPunk/Managers/VPNManager.swift /Users/ogourari/passpunk/PassPunk/PassPunk/Menu/StatusBarMenu.swift /Users/ogourari/passpunk/PassPunk/PassPunk/Models/Settings.swift /Users/ogourari/passpunk/PassPunk/PassPunk/Models/VPNCredentials.swift /Users/ogourari/passpunk/PassPunk/PassPunk/Services/BrowserAutomation.swift /Users/ogourari/passpunk/PassPunk/PassPunk/Services/KeychainManager.swift -primary-file /Users/ogourari/passpunk/PassPunk/PassPunk/Services/LaunchAgentManager.swift -primary-file /Users/ogourari/passpunk/PassPunk/PassPunk/Views/MainWindow.swift /Users/ogourari/passpunk/PassPunk/PassPunk/Services/PasswordManager.swift /Users/ogourari/passpunk/PassPunk/PassPunk/Services/VPNService.swift /Users/ogourari/passpunk/PassPunk/PassPunk/Views/SettingsView.swift /Users/ogourari/Library/Developer/Xcode/DerivedData/PassPunk-bcxyumdkkvgjeifayudpnbbpchzz/Build/Intermediates.noindex/PassPunk.build/Debug/PassPunk.build/DerivedSources/GeneratedAssetSymbols.swift -emit-dependencies-path /Users/ogourari/Library/Developer/Xcode/DerivedData/PassPunk-bcxyumdkkvgjeifayudpnbbpchzz/Build/Intermediates.noindex/PassPunk.build/Debug/PassPunk.build/Objects-normal/arm64/LaunchAgentManager.d -emit-const-values-path /Users/ogourari/Library/Developer/Xcode/DerivedData/PassPunk-bcxyumdkkvgjeifayudpnbbpchzz/Build/Intermediates.noindex/PassPunk.build/Debug/PassPunk.build/Objects-normal/arm64/LaunchAgentManager.swiftconstvalues -emit-reference-dependencies-path /Users/ogourari/Library/Developer/Xcode/DerivedData/PassPunk-bcxyumdkkvgjeifayudpnbbpchzz/Build/Intermediates.noindex/PassPunk.build/Debug/PassPunk.build/Objects-normal/arm64/LaunchAgentManager.swiftdeps -serialize-diagnostics-path /Users/ogourari/Library/Developer/Xcode/DerivedData/PassPunk-bcxyumdkkvgjeifayudpnbbpchzz/Build/Intermediates.noindex/PassPunk.build/Debug/PassPunk.build/Objects-normal/arm64/LaunchAgentManager.dia -emit-dependencies-path /Users/ogourari/Library/Developer/Xcode/DerivedData/PassPunk-bcxyumdkkvgjeifayudpnbbpchzz/Build/Intermediates.noindex/PassPunk.build/Debug/PassPunk.build/Objects-normal/arm64/MainWindow.d -emit-const-values-path /Users/ogourari/Library/Developer/Xcode/DerivedData/PassPunk-bcxyumdkkvgjeifayudpnbbpchzz/Build/Intermediates.noindex/PassPunk.build/Debug/PassPunk.build/Objects-normal/arm64/MainWindow.swiftconstvalues -emit-reference-dependencies-path /Users/ogourari/Library/Developer/Xcode/DerivedData/PassPunk-bcxyumdkkvgjeifayudpnbbpchzz/Build/Intermediates.noindex/PassPunk.build/Debug/PassPunk.build/Objects-normal/arm64/MainWindow.swiftdeps -serialize-diagnostics-path /Users/ogourari/Library/Developer/Xcode/DerivedData/PassPunk-bcxyumdkkvgjeifayudpnbbpchzz/Build/Intermediates.noindex/PassPunk.build/Debug/PassPunk.build/Objects-normal/arm64/MainWindow.dia -emit-localized-strings -emit-localized-strings-path /Users/ogourari/Library/Developer/Xcode/DerivedData/PassPunk-bcxyumdkkvgjeifayudpnbbpchzz/Build/Intermediates.noindex/PassPunk.build/Debug/PassPunk.build/Objects-normal/arm64 -target arm64-apple-macos15.2 -Xllvm -aarch64-use-tbi -enable-objc-interop -stack-check -sdk /Applications/Xcode.app/Contents/Developer/Platforms/MacOSX.platform/Developer/SDKs/MacOSX15.2.sdk -I /Users/ogourari/Library/Developer/Xcode/DerivedData/PassPunk-bcxyumdkkvgjeifayudpnbbpchzz/Build/Products/Debug -F /Users/ogourari/Library/Developer/Xcode/DerivedData/PassPunk-bcxyumdkkvgjeifayudpnbbpchzz/Build/Products/Debug -no-color-diagnostics -enable-testing -g -debug-info-format\=dwarf -dwarf-version\=5 -module-cache-path /Users/ogourari/Library/Developer/Xcode/DerivedData/ModuleCache.noindex -profile-generate -profile-coverage-mapping -swift-version 5 -enforce-exclusivity\=checked -Onone -D DEBUG -serialize-debugging-options -const-gather-protocols-file /Users/ogourari/Library/Developer/Xcode/DerivedData/PassPunk-bcxyumdkkvgjeifayudpnbbpchzz/Build/Intermediates.noindex/PassPunk.build/Debug/PassPunk.build/Objects-normal/arm64/PassPunk_const_extract_protocols.json -enable-experimental-feature DebugDescriptionMacro -enable-experimental-feature OpaqueTypeErasure -enable-bare-slash-regex -empty-abi-descriptor -validate-clang-modules-once -clang-build-session-file /Users/ogourari/Library/Developer/Xcode/DerivedData/ModuleCache.noindex/Session.modulevalidation -Xcc -working-directory -Xcc /Users/ogourari/passpunk/PassPunk -resource-dir /Applications/Xcode.app/Contents/Developer/Toolchains/XcodeDefault.xctoolchain/usr/lib/swift -enable-anonymous-context-mangled-names -file-compilation-dir /Users/ogourari/passpunk/PassPunk -Xcc -D_LIBCPP_HARDENING_MODE\=_LIBCPP_HARDENING_MODE_DEBUG -Xcc -ivfsstatcache -Xcc /Users/ogourari/Library/Developer/Xcode/DerivedData/SDKStatCaches.noindex/macosx15.2-24C94-1dd28740b163f220e3e9b9fd2a542f53.sdkstatcache -Xcc -I/Users/ogourari/Library/Developer/Xcode/DerivedData/PassPunk-bcxyumdkkvgjeifayudpnbbpchzz/Build/Intermediates.noindex/PassPunk.build/Debug/PassPunk.build/swift-overrides.hmap -Xcc -iquote -Xcc /Users/ogourari/Library/Developer/Xcode/DerivedData/PassPunk-bcxyumdkkvgjeifayudpnbbpchzz/Build/Intermediates.noindex/PassPunk.build/Debug/PassPunk.build/PassPunk-generated-files.hmap -Xcc -I/Users/ogourari/Library/Developer/Xcode/DerivedData/PassPunk-bcxyumdkkvgjeifayudpnbbpchzz/Build/Intermediates.noindex/PassPunk.build/Debug/PassPunk.build/PassPunk-own-target-headers.hmap -Xcc -I/Users/ogourari/Library/Developer/Xcode/DerivedData/PassPunk-bcxyumdkkvgjeifayudpnbbpchzz/Build/Intermediates.noindex/PassPunk.build/Debug/PassPunk.build/PassPunk-all-target-headers.hmap -Xcc -iquote -Xcc /Users/ogourari/Library/Developer/Xcode/DerivedData/PassPunk-bcxyumdkkvgjeifayudpnbbpchzz/Build/Intermediates.noindex/PassPunk.build/Debug/PassPunk.build/PassPunk-project-headers.hmap -Xcc -I/Users/ogourari/Library/Developer/Xcode/DerivedData/PassPunk-bcxyumdkkvgjeifayudpnbbpchzz/Build/Products/Debug/include -Xcc -I/Users/ogourari/Library/Developer/Xcode/DerivedData/PassPunk-bcxyumdkkvgjeifayudpnbbpchzz/Build/Intermediates.noindex/PassPunk.build/Debug/PassPunk.build/DerivedSources-normal/arm64 -Xcc -I/Users/ogourari/Library/Developer/Xcode/DerivedData/PassPunk-bcxyumdkkvgjeifayudpnbbpchzz/Build/Intermediates.noindex/PassPunk.build/Debug/PassPunk.build/DerivedSources/arm64 -Xcc -I/Users/ogourari/Library/Developer/Xcode/DerivedData/PassPunk-bcxyumdkkvgjeifayudpnbbpchzz/Build/Intermediates.noindex/PassPunk.build/Debug/PassPunk.build/DerivedSources -Xcc -DDEBUG\=1 -module-name PassPunk -frontend-parseable-output -disable-clang-spi -target-sdk-version 15.2 -target-sdk-name macosx15.2 -external-plugin-path /Applications/Xcode.app/Contents/Developer/Platforms/MacOSX.platform/Developer/usr/lib/swift/host/plugins\#/Applications/Xcode.app/Contents/Developer/Platforms/MacOSX.platform/Developer/usr/bin/swift-plugin-server -external-plugin-path /Applications/Xcode.app/Contents/Developer/Platforms/MacOSX.platform/Developer/usr/local/lib/swift/host/plugins\#/Applications/Xcode.app/Contents/Developer/Platforms/MacOSX.platform/Developer/usr/bin/swift-plugin-server -plugin-path /Applications/Xcode.app/Contents/Developer/Toolchains/XcodeDefault.xctoolchain/usr/lib/swift/host/plugins -plugin-path /Applications/Xcode.app/Contents/Developer/Toolchains/XcodeDefault.xctoolchain/usr/local/lib/swift/host/plugins -o /Users/ogourari/Library/Developer/Xcode/DerivedData/PassPunk-bcxyumdkkvgjeifayudpnbbpchzz/Build/Intermediates.noindex/PassPunk.build/Debug/PassPunk.build/Objects-normal/arm64/LaunchAgentManager.o -o /Users/ogourari/Library/Developer/Xcode/DerivedData/PassPunk-bcxyumdkkvgjeifayudpnbbpchzz/Build/Intermediates.noindex/PassPunk.build/Debug/PassPunk.build/Objects-normal/arm64/MainWindow.o -index-unit-output-path /PassPunk.build/Debug/PassPunk.build/Objects-normal/arm64/LaunchAgentManager.o -index-unit-output-path /PassPunk.build/Debug/PassPunk.build/Objects-normal/arm64/MainWindow.o -index-store-path /Users/ogourari/Library/Developer/Xcode/DerivedData/PassPunk-bcxyumdkkvgjeifayudpnbbpchzz/Index.noindex/DataStore -index-system-modules

/Users/ogourari/passpunk/PassPunk/PassPunk/Views/MainWindow.swift:12:37: error: cannot find type 'CheckStatus' in scope
    @State private var checkStatus: CheckStatus = .idle
                                    ^~~~~~~~~~~
/Users/ogourari/passpunk/PassPunk/PassPunk/Views/MainWindow.swift:3:6: error: unknown attribute 'AppStorage'
    @AppStorage("vpnUsername") private var vpnUsername: String = ""
     ^
/Users/ogourari/passpunk/PassPunk/PassPunk/Views/MainWindow.swift:4:6: error: unknown attribute 'State'
    @State private var vpnPassword: String = ""
     ^
/Users/ogourari/passpunk/PassPunk/PassPunk/Views/MainWindow.swift:5:6: error: unknown attribute 'AppStorage'
    @AppStorage("browserType") private var browserType: Settings.BrowserType = .chrome
     ^
/Users/ogourari/passpunk/PassPunk/PassPunk/Views/MainWindow.swift:6:6: error: unknown attribute 'AppStorage'
    @AppStorage("checkInterval") private var checkInterval: Double = 1800
     ^
/Users/ogourari/passpunk/PassPunk/PassPunk/Views/MainWindow.swift:7:6: error: unknown attribute 'AppStorage'
    @AppStorage("defaultPasswordComment") private var defaultPasswordComment: String = ""
     ^
/Users/ogourari/passpunk/PassPunk/PassPunk/Views/MainWindow.swift:8:6: error: unknown attribute 'State'
    @State private var launchAtLogin: Bool = LaunchAgentManager.shared.isLaunchAgentInstalled()
     ^
/Users/ogourari/passpunk/PassPunk/PassPunk/Views/MainWindow.swift:10:6: error: unknown attribute 'State'
    @State private var lastUpdateTime: String = "Never"
     ^
/Users/ogourari/passpunk/PassPunk/PassPunk/Views/MainWindow.swift:11:6: error: unknown attribute 'State'
    @State private var vpnStatus: String = "Disconnected"
     ^
/Users/ogourari/passpunk/PassPunk/PassPunk/Views/MainWindow.swift:12:6: error: unknown attribute 'State'
    @State private var checkStatus: CheckStatus = .idle
     ^
/Users/ogourari/passpunk/PassPunk/PassPunk/Views/MainWindow.swift:13:6: error: unknown attribute 'State'
    @State private var remainingTime: Int = 0
     ^
/Users/ogourari/passpunk/PassPunk/PassPunk/Views/MainWindow.swift:15:25: error: cannot find 'Timer' in scope
    private let timer = Timer.publish(every: 1, on: .main, in: .common).autoconnect()
                        ^~~~~
/Users/ogourari/passpunk/PassPunk/PassPunk/Views/MainWindow.swift:15:54: error: cannot infer contextual base in reference to member 'main'
    private let timer = Timer.publish(every: 1, on: .main, in: .common).autoconnect()
                                                    ~^~~~
/Users/ogourari/passpunk/PassPunk/PassPunk/Views/MainWindow.swift:15:65: error: cannot infer contextual base in reference to member 'common'
    private let timer = Timer.publish(every: 1, on: .main, in: .common).autoconnect()
                                                               ~^~~~~~
/Users/ogourari/passpunk/PassPunk/PassPunk/Views/MainWindow.swift:16:31: error: cannot find 'Timer' in scope
    private let statusTimer = Timer.publish(every: 5, on: .main, in: .common).autoconnect()
                              ^~~~~
/Users/ogourari/passpunk/PassPunk/PassPunk/Views/MainWindow.swift:16:60: error: cannot infer contextual base in reference to member 'main'
    private let statusTimer = Timer.publish(every: 5, on: .main, in: .common).autoconnect()
                                                          ~^~~~
/Users/ogourari/passpunk/PassPunk/PassPunk/Views/MainWindow.swift:16:71: error: cannot infer contextual base in reference to member 'common'
    private let statusTimer = Timer.publish(every: 5, on: .main, in: .common).autoconnect()
                                                                     ~^~~~~~
/Users/ogourari/passpunk/PassPunk/PassPunk/Views/MainWindow.swift:18:6: error: unknown attribute 'StateObject'
    @StateObject private var statusBarMenu = StatusBarMenu.shared
     ^
/Users/ogourari/passpunk/PassPunk/PassPunk/Views/MainWindow.swift:1:20: error: cannot find type 'View' in scope
struct MainWindow: View {
                   ^~~~

/Users/ogourari/passpunk/PassPunk/PassPunk/Views/MainWindow.swift:12:37: Cannot find type 'CheckStatus' in scope

/Users/ogourari/passpunk/PassPunk/PassPunk/Views/MainWindow.swift:3:6: Unknown attribute 'AppStorage'

/Users/ogourari/passpunk/PassPunk/PassPunk/Views/MainWindow.swift:4:6: Unknown attribute 'State'

/Users/ogourari/passpunk/PassPunk/PassPunk/Views/MainWindow.swift:5:6: Unknown attribute 'AppStorage'

/Users/ogourari/passpunk/PassPunk/PassPunk/Views/MainWindow.swift:6:6: Unknown attribute 'AppStorage'

/Users/ogourari/passpunk/PassPunk/PassPunk/Views/MainWindow.swift:7:6: Unknown attribute 'AppStorage'

/Users/ogourari/passpunk/PassPunk/PassPunk/Views/MainWindow.swift:8:6: Unknown attribute 'State'

/Users/ogourari/passpunk/PassPunk/PassPunk/Views/MainWindow.swift:10:6: Unknown attribute 'State'

/Users/ogourari/passpunk/PassPunk/PassPunk/Views/MainWindow.swift:11:6: Unknown attribute 'State'

/Users/ogourari/passpunk/PassPunk/PassPunk/Views/MainWindow.swift:12:6: Unknown attribute 'State'

/Users/ogourari/passpunk/PassPunk/PassPunk/Views/MainWindow.swift:13:6: Unknown attribute 'State'

/Users/ogourari/passpunk/PassPunk/PassPunk/Views/MainWindow.swift:15:25: Cannot find 'Timer' in scope

/Users/ogourari/passpunk/PassPunk/PassPunk/Views/MainWindow.swift:15:54: Cannot infer contextual base in reference to member 'main'

/Users/ogourari/passpunk/PassPunk/PassPunk/Views/MainWindow.swift:15:65: Cannot infer contextual base in reference to member 'common'

/Users/ogourari/passpunk/PassPunk/PassPunk/Views/MainWindow.swift:16:31: Cannot find 'Timer' in scope

/Users/ogourari/passpunk/PassPunk/PassPunk/Views/MainWindow.swift:16:60: Cannot infer contextual base in reference to member 'main'

/Users/ogourari/passpunk/PassPunk/PassPunk/Views/MainWindow.swift:16:71: Cannot infer contextual base in reference to member 'common'

/Users/ogourari/passpunk/PassPunk/PassPunk/Views/MainWindow.swift:18:6: Unknown attribute 'StateObject'

/Users/ogourari/passpunk/PassPunk/PassPunk/Views/MainWindow.swift:1:20: Cannot find type 'View' in scope

SwiftCompile normal arm64 Compiling\ BrowserAutomation.swift,\ KeychainManager.swift /Users/ogourari/passpunk/PassPunk/PassPunk/Services/BrowserAutomation.swift /Users/ogourari/passpunk/PassPunk/PassPunk/Services/KeychainManager.swift (in target 'PassPunk' from project 'PassPunk')
    cd /Users/ogourari/passpunk/PassPunk
    builtin-swiftTaskExecution -- /Applications/Xcode.app/Contents/Developer/Toolchains/XcodeDefault.xctoolchain/usr/bin/swift-frontend -frontend -c /Users/ogourari/passpunk/PassPunk/PassPunk/App/AppDelegate.swift /Users/ogourari/passpunk/PassPunk/PassPunk/App/PassPunkApp.swift /Users/ogourari/passpunk/PassPunk/PassPunk/Managers/VPNManager.swift /Users/ogourari/passpunk/PassPunk/PassPunk/Menu/StatusBarMenu.swift /Users/ogourari/passpunk/PassPunk/PassPunk/Models/Settings.swift /Users/ogourari/passpunk/PassPunk/PassPunk/Models/VPNCredentials.swift -primary-file /Users/ogourari/passpunk/PassPunk/PassPunk/Services/BrowserAutomation.swift -primary-file /Users/ogourari/passpunk/PassPunk/PassPunk/Services/KeychainManager.swift /Users/ogourari/passpunk/PassPunk/PassPunk/Services/LaunchAgentManager.swift /Users/ogourari/passpunk/PassPunk/PassPunk/Views/MainWindow.swift /Users/ogourari/passpunk/PassPunk/PassPunk/Services/PasswordManager.swift /Users/ogourari/passpunk/PassPunk/PassPunk/Services/VPNService.swift /Users/ogourari/passpunk/PassPunk/PassPunk/Views/SettingsView.swift /Users/ogourari/Library/Developer/Xcode/DerivedData/PassPunk-bcxyumdkkvgjeifayudpnbbpchzz/Build/Intermediates.noindex/PassPunk.build/Debug/PassPunk.build/DerivedSources/GeneratedAssetSymbols.swift -emit-dependencies-path /Users/ogourari/Library/Developer/Xcode/DerivedData/PassPunk-bcxyumdkkvgjeifayudpnbbpchzz/Build/Intermediates.noindex/PassPunk.build/Debug/PassPunk.build/Objects-normal/arm64/BrowserAutomation.d -emit-const-values-path /Users/ogourari/Library/Developer/Xcode/DerivedData/PassPunk-bcxyumdkkvgjeifayudpnbbpchzz/Build/Intermediates.noindex/PassPunk.build/Debug/PassPunk.build/Objects-normal/arm64/BrowserAutomation.swiftconstvalues -emit-reference-dependencies-path /Users/ogourari/Library/Developer/Xcode/DerivedData/PassPunk-bcxyumdkkvgjeifayudpnbbpchzz/Build/Intermediates.noindex/PassPunk.build/Debug/PassPunk.build/Objects-normal/arm64/BrowserAutomation.swiftdeps -serialize-diagnostics-path /Users/ogourari/Library/Developer/Xcode/DerivedData/PassPunk-bcxyumdkkvgjeifayudpnbbpchzz/Build/Intermediates.noindex/PassPunk.build/Debug/PassPunk.build/Objects-normal/arm64/BrowserAutomation.dia -emit-dependencies-path /Users/ogourari/Library/Developer/Xcode/DerivedData/PassPunk-bcxyumdkkvgjeifayudpnbbpchzz/Build/Intermediates.noindex/PassPunk.build/Debug/PassPunk.build/Objects-normal/arm64/KeychainManager.d -emit-const-values-path /Users/ogourari/Library/Developer/Xcode/DerivedData/PassPunk-bcxyumdkkvgjeifayudpnbbpchzz/Build/Intermediates.noindex/PassPunk.build/Debug/PassPunk.build/Objects-normal/arm64/KeychainManager.swiftconstvalues -emit-reference-dependencies-path /Users/ogourari/Library/Developer/Xcode/DerivedData/PassPunk-bcxyumdkkvgjeifayudpnbbpchzz/Build/Intermediates.noindex/PassPunk.build/Debug/PassPunk.build/Objects-normal/arm64/KeychainManager.swiftdeps -serialize-diagnostics-path /Users/ogourari/Library/Developer/Xcode/DerivedData/PassPunk-bcxyumdkkvgjeifayudpnbbpchzz/Build/Intermediates.noindex/PassPunk.build/Debug/PassPunk.build/Objects-normal/arm64/KeychainManager.dia -emit-localized-strings -emit-localized-strings-path /Users/ogourari/Library/Developer/Xcode/DerivedData/PassPunk-bcxyumdkkvgjeifayudpnbbpchzz/Build/Intermediates.noindex/PassPunk.build/Debug/PassPunk.build/Objects-normal/arm64 -target arm64-apple-macos15.2 -Xllvm -aarch64-use-tbi -enable-objc-interop -stack-check -sdk /Applications/Xcode.app/Contents/Developer/Platforms/MacOSX.platform/Developer/SDKs/MacOSX15.2.sdk -I /Users/ogourari/Library/Developer/Xcode/DerivedData/PassPunk-bcxyumdkkvgjeifayudpnbbpchzz/Build/Products/Debug -F /Users/ogourari/Library/Developer/Xcode/DerivedData/PassPunk-bcxyumdkkvgjeifayudpnbbpchzz/Build/Products/Debug -no-color-diagnostics -enable-testing -g -debug-info-format\=dwarf -dwarf-version\=5 -module-cache-path /Users/ogourari/Library/Developer/Xcode/DerivedData/ModuleCache.noindex -profile-generate -profile-coverage-mapping -swift-version 5 -enforce-exclusivity\=checked -Onone -D DEBUG -serialize-debugging-options -const-gather-protocols-file /Users/ogourari/Library/Developer/Xcode/DerivedData/PassPunk-bcxyumdkkvgjeifayudpnbbpchzz/Build/Intermediates.noindex/PassPunk.build/Debug/PassPunk.build/Objects-normal/arm64/PassPunk_const_extract_protocols.json -enable-experimental-feature DebugDescriptionMacro -enable-experimental-feature OpaqueTypeErasure -enable-bare-slash-regex -empty-abi-descriptor -validate-clang-modules-once -clang-build-session-file /Users/ogourari/Library/Developer/Xcode/DerivedData/ModuleCache.noindex/Session.modulevalidation -Xcc -working-directory -Xcc /Users/ogourari/passpunk/PassPunk -resource-dir /Applications/Xcode.app/Contents/Developer/Toolchains/XcodeDefault.xctoolchain/usr/lib/swift -enable-anonymous-context-mangled-names -file-compilation-dir /Users/ogourari/passpunk/PassPunk -Xcc -D_LIBCPP_HARDENING_MODE\=_LIBCPP_HARDENING_MODE_DEBUG -Xcc -ivfsstatcache -Xcc /Users/ogourari/Library/Developer/Xcode/DerivedData/SDKStatCaches.noindex/macosx15.2-24C94-1dd28740b163f220e3e9b9fd2a542f53.sdkstatcache -Xcc -I/Users/ogourari/Library/Developer/Xcode/DerivedData/PassPunk-bcxyumdkkvgjeifayudpnbbpchzz/Build/Intermediates.noindex/PassPunk.build/Debug/PassPunk.build/swift-overrides.hmap -Xcc -iquote -Xcc /Users/ogourari/Library/Developer/Xcode/DerivedData/PassPunk-bcxyumdkkvgjeifayudpnbbpchzz/Build/Intermediates.noindex/PassPunk.build/Debug/PassPunk.build/PassPunk-generated-files.hmap -Xcc -I/Users/ogourari/Library/Developer/Xcode/DerivedData/PassPunk-bcxyumdkkvgjeifayudpnbbpchzz/Build/Intermediates.noindex/PassPunk.build/Debug/PassPunk.build/PassPunk-own-target-headers.hmap -Xcc -I/Users/ogourari/Library/Developer/Xcode/DerivedData/PassPunk-bcxyumdkkvgjeifayudpnbbpchzz/Build/Intermediates.noindex/PassPunk.build/Debug/PassPunk.build/PassPunk-all-target-headers.hmap -Xcc -iquote -Xcc /Users/ogourari/Library/Developer/Xcode/DerivedData/PassPunk-bcxyumdkkvgjeifayudpnbbpchzz/Build/Intermediates.noindex/PassPunk.build/Debug/PassPunk.build/PassPunk-project-headers.hmap -Xcc -I/Users/ogourari/Library/Developer/Xcode/DerivedData/PassPunk-bcxyumdkkvgjeifayudpnbbpchzz/Build/Products/Debug/include -Xcc -I/Users/ogourari/Library/Developer/Xcode/DerivedData/PassPunk-bcxyumdkkvgjeifayudpnbbpchzz/Build/Intermediates.noindex/PassPunk.build/Debug/PassPunk.build/DerivedSources-normal/arm64 -Xcc -I/Users/ogourari/Library/Developer/Xcode/DerivedData/PassPunk-bcxyumdkkvgjeifayudpnbbpchzz/Build/Intermediates.noindex/PassPunk.build/Debug/PassPunk.build/DerivedSources/arm64 -Xcc -I/Users/ogourari/Library/Developer/Xcode/DerivedData/PassPunk-bcxyumdkkvgjeifayudpnbbpchzz/Build/Intermediates.noindex/PassPunk.build/Debug/PassPunk.build/DerivedSources -Xcc -DDEBUG\=1 -module-name PassPunk -frontend-parseable-output -disable-clang-spi -target-sdk-version 15.2 -target-sdk-name macosx15.2 -external-plugin-path /Applications/Xcode.app/Contents/Developer/Platforms/MacOSX.platform/Developer/usr/lib/swift/host/plugins\#/Applications/Xcode.app/Contents/Developer/Platforms/MacOSX.platform/Developer/usr/bin/swift-plugin-server -external-plugin-path /Applications/Xcode.app/Contents/Developer/Platforms/MacOSX.platform/Developer/usr/local/lib/swift/host/plugins\#/Applications/Xcode.app/Contents/Developer/Platforms/MacOSX.platform/Developer/usr/bin/swift-plugin-server -plugin-path /Applications/Xcode.app/Contents/Developer/Toolchains/XcodeDefault.xctoolchain/usr/lib/swift/host/plugins -plugin-path /Applications/Xcode.app/Contents/Developer/Toolchains/XcodeDefault.xctoolchain/usr/local/lib/swift/host/plugins -o /Users/ogourari/Library/Developer/Xcode/DerivedData/PassPunk-bcxyumdkkvgjeifayudpnbbpchzz/Build/Intermediates.noindex/PassPunk.build/Debug/PassPunk.build/Objects-normal/arm64/BrowserAutomation.o -o /Users/ogourari/Library/Developer/Xcode/DerivedData/PassPunk-bcxyumdkkvgjeifayudpnbbpchzz/Build/Intermediates.noindex/PassPunk.build/Debug/PassPunk.build/Objects-normal/arm64/KeychainManager.o -index-unit-output-path /PassPunk.build/Debug/PassPunk.build/Objects-normal/arm64/BrowserAutomation.o -index-unit-output-path /PassPunk.build/Debug/PassPunk.build/Objects-normal/arm64/KeychainManager.o -index-store-path /Users/ogourari/Library/Developer/Xcode/DerivedData/PassPunk-bcxyumdkkvgjeifayudpnbbpchzz/Index.noindex/DataStore -index-system-modules

Command SwiftCompile failed with a nonzero exit code

Command SwiftCompile failed with a nonzero exit code



Build failed    15/02/25, 11:40    0.6 seconds
